<?xml version="1.0" encoding="UTF-8"?>
<testsuite xmlns:xsi="http://www.w3.org/2001/XMLSchema-instance" xsi:noNamespaceSchemaLocation="https://maven.apache.org/surefire/maven-surefire-plugin/xsd/surefire-test-report-3.0.xsd" version="3.0" name="features.KarateTest" time="0.781" tests="1" errors="1" skipped="0" failures="0">
  <properties>
[...]
</properties>
  <testcase name="testParallel" classname="features.KarateTest" time="0.764">
    <error message="extraneous input &apos;\r\n\r\n      * &apos; expecting {&lt;EOF&gt;, SCENARIO, SCENARIO_OUTLINE, TAGS, NEWLINE}" type="java.lang.RuntimeException"><![CDATA[java.lang.RuntimeException: extraneous input '\r\n\r\n      * ' expecting {<EOF>, SCENARIO, SCENARIO_OUTLINE, TAGS, NEWLINE}
	at com.intuit.karate.core.FeatureParser.parse(FeatureParser.java:74)
	at com.intuit.karate.core.Feature.read(Feature.java:63)
	at com.intuit.karate.resource.ResourceUtils.findFeatureFiles(ResourceUtils.java:95)
	at com.intuit.karate.Runner$Builder.resolveAll(Runner.java:249)
	at com.intuit.karate.Suite.<init>(Suite.java:171)
	at com.intuit.karate.Runner$Builder.parallel(Runner.java:516)
	at features.KarateTest.testParallel(KarateTest.java:21)
	at java.base/java.lang.reflect.Method.invoke(Method.java:565)
	at java.base/java.util.ArrayList.forEach(ArrayList.java:1604)
	at java.base/java.util.ArrayList.forEach(ArrayList.java:1604)
]]></error>
    <system-out><![CDATA[13:31:28.314 [main] ERROR c.intuit.karate.core.FeatureParser - not a valid feature file: features/account/create-user.feature - extraneous input '\r\n\r\n      * ' expecting {<EOF>, SCENARIO, SCENARIO_OUTLINE, TAGS, NEWLINE}
]]></system-out>
    <system-err><![CDATA[line 19:104 extraneous input '\r\n\r\n      * ' expecting {<EOF>, SCENARIO, SCENARIO_OUTLINE, TAGS, NEWLINE}
]]></system-err>
  </testcase>
</testsuite>